Iniciando Sistema
Iniciando Sistema
Iniciando Sistema
Criando: Artista{nome='Murilo', generoMusical='345', ListaDeAlguns=[]} _EntidadeBase{id='98', excluido=false, publicando=false}
Criando: Album{titulo='MTG', anoDeLancamento='2024', artista='Murilo', listaDeMusicas=[]} _EntidadeBase{id='92', excluido=false, publicando=false}
Criando: Musica{titulo='MUrilo se apaiaxona', album='MTG', duracao=3} _EntidadeBase{id='92', excluido=false, publicando=false}
Iniciando Sistema
Iniciando Sistema
Iniciando Sistema
Criando: Artista{nome='Eduardo', generoMusical='24', ListaDeAlguns=[]} _EntidadeBase{id='43', excluido=false, publicando=false}
Iniciando Sistema
Iniciando Sistema
Iniciando Sistema
Iniciando Sistema
Iniciando Sistema
Iniciando Sistema
Criando: Artista{nome='Eduardo', generoMusical='rock', ListaDeAlguns=[]} _EntidadeBase{id='94', excluido=false, publicando=false}
Ler tudo: null
Iniciando Sistema
Iniciando Sistema
Iniciando Sistema
Iniciando Sistema
Iniciando Sistema
Iniciando Sistema
Criando: Artista{nome='gU', generoMusical='POPO', ListaDeAlguns=[]} _EntidadeBase{id='1', excluido=false, publicando=false}
Criando: Album{titulo='guSTAVO', anoDeLancamento='2024', artista='Gu', listaDeMusicas=[]} _EntidadeBase{id='1', excluido=false, publicando=false}
Criando: Musica{titulo='kkk', album='gustvagsaf', duracao=2} _EntidadeBase{id='1', excluido=false, publicando=false}
Ler tudo: null
Iniciando Sistema
Iniciando Sistema
Iniciando Sistema
Iniciando Sistema
Iniciando Sistema
Iniciando Sistema
Criando: Artista{nome='gsutao', generoMusical='pop', ListaDeAlguns=[]} _EntidadeBase{id='1', excluido=false, publicando=false}
Criando: Album{titulo='33', anoDeLancamento='2023', artista='matue', listaDeMusicas=[]} _EntidadeBase{id='1', excluido=false, publicando=false}
Criando: Musica{titulo='ooo', album='333', duracao=2} _EntidadeBase{id='2', excluido=false, publicando=false}
Ler tudo: null
